0 info it worked if it ends with ok
1 verbose cli [ 'node', '/usr/local/bin/npm', 'start' ]
2 info using npm@3.10.3
3 info using node@v0.12.7
4 verbose run-script [ 'prestart', 'start', 'poststart' ]
5 info lifecycle mvp@1.0.0~prestart: mvp@1.0.0
6 silly lifecycle mvp@1.0.0~prestart: no script for prestart, continuing
7 info lifecycle mvp@1.0.0~start: mvp@1.0.0
8 verbose lifecycle mvp@1.0.0~start: unsafe-perm in lifecycle true
9 verbose lifecycle mvp@1.0.0~start: PATH: /usr/local/lib/node_modules/npm/bin/node-gyp-bin:/Users/emilyjones/Development/Hack_Reactor/MVP/node_modules/.bin:/usr/local/bin:/Library/Frameworks/Python.framework/Versions/3.5/bin://anaconda/bin:/Users/emilyjones/.rvm/gems/ruby-2.2.3/bin:/Users/emilyjones/.rvm/gems/ruby-2.2.3@global/bin:/Users/emilyjones/.rvm/rubies/ruby-2.2.3/bin:/Applications/Postgres.app/Contents/Versions/9.4/bin:/usr/local:/usr/local/bin:/usr/local/sbin:/usr/bin:/usr/local/bin:/usr/bin:/bin:/usr/sbin:/sbin:/opt/X11/bin:/Users/emilyjones/.rvm/bin
10 verbose lifecycle mvp@1.0.0~start: CWD: /Users/emilyjones/Development/Hack_Reactor/MVP
11 silly lifecycle mvp@1.0.0~start: Args: [ '-c', 'node server.js' ]
12 silly lifecycle mvp@1.0.0~start: Returned: code: 1  signal: null
13 info lifecycle mvp@1.0.0~start: Failed to exec start script
14 verbose stack Error: mvp@1.0.0 start: `node server.js`
14 verbose stack Exit status 1
14 verbose stack     at EventEmitter.<anonymous> (/usr/local/lib/node_modules/npm/lib/utils/lifecycle.js:242:16)
14 verbose stack     at EventEmitter.emit (events.js:110:17)
14 verbose stack     at ChildProcess.<anonymous> (/usr/local/lib/node_modules/npm/lib/utils/spawn.js:40:14)
14 verbose stack     at ChildProcess.emit (events.js:110:17)
14 verbose stack     at maybeClose (child_process.js:1015:16)
14 verbose stack     at Process.ChildProcess._handle.onexit (child_process.js:1087:5)
15 verbose pkgid mvp@1.0.0
16 verbose cwd /Users/emilyjones/Development/Hack_Reactor/MVP
17 error Darwin 14.5.0
18 error argv "node" "/usr/local/bin/npm" "start"
19 error node v0.12.7
20 error npm  v3.10.3
21 error code ELIFECYCLE
22 error mvp@1.0.0 start: `node server.js`
22 error Exit status 1
23 error Failed at the mvp@1.0.0 start script 'node server.js'.
23 error Make sure you have the latest version of node.js and npm installed.
23 error If you do, this is most likely a problem with the mvp package,
23 error not with npm itself.
23 error Tell the author that this fails on your system:
23 error     node server.js
23 error You can get information on how to open an issue for this project with:
23 error     npm bugs mvp
23 error Or if that isn't available, you can get their info via:
23 error     npm owner ls mvp
23 error There is likely additional logging output above.
24 verbose exit [ 1, true ]
